Determining if the pthread_create exist failed with the following output:
Change Dir: /home/rrdbff/projects/myrepo/SSUGAETING/CMakeFiles/CMakeTmp

Run Build Command:"/usr/bin/make" "cmTC_287dd/fast"
/usr/bin/make -f CMakeFiles/cmTC_287dd.dir/build.make CMakeFiles/cmTC_287dd.dir/build
make[1]: 디렉터리 '/home/rrdbff/projects/myrepo/SSUGAETING/CMakeFiles/CMakeTmp' 들어감
Building C object CMakeFiles/cmTC_287dd.dir/CheckSymbolExists.c.o
/usr/bin/cc    -o CMakeFiles/cmTC_287dd.dir/CheckSymbolExists.c.o   -c /home/rrdbff/projects/myrepo/SSUGAETING/CMakeFiles/CMakeTmp/CheckSymbolExists.c
Linking C executable cmTC_287dd
/usr/bin/cmake -E cmake_link_script CMakeFiles/cmTC_287dd.dir/link.txt --verbose=1
/usr/bin/cc      CMakeFiles/cmTC_287dd.dir/CheckSymbolExists.c.o  -o cmTC_287dd 
CMakeFiles/cmTC_287dd.dir/CheckSymbolExists.c.o: In function `main':
CheckSymbolExists.c:(.text+0x1b): undefined reference to `pthread_create'
collect2: error: ld returned 1 exit status
CMakeFiles/cmTC_287dd.dir/build.make:97: recipe for target 'cmTC_287dd' failed
make[1]: *** [cmTC_287dd] Error 1
make[1]: 디렉터리 '/home/rrdbff/projects/myrepo/SSUGAETING/CMakeFiles/CMakeTmp' 나감
Makefile:126: recipe for target 'cmTC_287dd/fast' failed
make: *** [cmTC_287dd/fast] Error 2

File /home/rrdbff/projects/myrepo/SSUGAETING/CMakeFiles/CMakeTmp/CheckSymbolExists.c:
/* */
#include <pthread.h>

int main(int argc, char** argv)
{
  (void)argv;
#ifndef pthread_create
  return ((int*)(&pthread_create))[argc];
#else
  (void)argc;
  return 0;
#endif
}

Determining if the function pthread_create exists in the pthreads failed with the following output:
Change Dir: /home/rrdbff/projects/myrepo/SSUGAETING/CMakeFiles/CMakeTmp

Run Build Command:"/usr/bin/make" "cmTC_9f34f/fast"
/usr/bin/make -f CMakeFiles/cmTC_9f34f.dir/build.make CMakeFiles/cmTC_9f34f.dir/build
make[1]: 디렉터리 '/home/rrdbff/projects/myrepo/SSUGAETING/CMakeFiles/CMakeTmp' 들어감
Building C object CMakeFiles/cmTC_9f34f.dir/CheckFunctionExists.c.o
/usr/bin/cc   -DCHECK_FUNCTION_EXISTS=pthread_create   -o CMakeFiles/cmTC_9f34f.dir/CheckFunctionExists.c.o   -c /usr/share/cmake-3.10/Modules/CheckFunctionExists.c
Linking C executable cmTC_9f34f
/usr/bin/cmake -E cmake_link_script CMakeFiles/cmTC_9f34f.dir/link.txt --verbose=1
/usr/bin/cc  -DCHECK_FUNCTION_EXISTS=pthread_create    CMakeFiles/cmTC_9f34f.dir/CheckFunctionExists.c.o  -o cmTC_9f34f -lpthreads 
/usr/bin/x86_64-linux-gnu-ld: cannot find -lpthreads
collect2: error: ld returned 1 exit status
CMakeFiles/cmTC_9f34f.dir/build.make:97: recipe for target 'cmTC_9f34f' failed
make[1]: *** [cmTC_9f34f] Error 1
make[1]: 디렉터리 '/home/rrdbff/projects/myrepo/SSUGAETING/CMakeFiles/CMakeTmp' 나감
Makefile:126: recipe for target 'cmTC_9f34f/fast' failed
make: *** [cmTC_9f34f/fast] Error 2


